<?xml version="1.0" encoding="UTF-8" ?>
<testsuites>
  <testsuite errors="0" failures="0" hostname="MacBook-Air-de-GoodLvck.local" id="0" name="SpotSpec" package="com.proyectospots" tests="1" time="0.274" timestamp="2022-06-15T18:25:06">
      <properties />

      <testcase classname="com.proyectospots.SpotSpec" name="test toString" time="0.266" />

      <system-out><![CDATA[--Output from test toString--
]]></system-out>

      <system-err><![CDATA[--Output from test toString--
]]></system-err>

  </testsuite>
  <testsuite errors="0" failures="0" hostname="MacBook-Air-de-GoodLvck.local" id="1" name="UsuarioSpec" package="com.proyectospots" tests="1" time="2.655" timestamp="2022-06-15T18:24:58">
      <properties />

      <testcase classname="com.proyectospots.UsuarioSpec" name="test toString" time="2.576" />

      <system-out><![CDATA[--Output from test toString--
]]></system-out>

      <system-err><![CDATA[--Output from test toString--
]]></system-err>

  </testsuite>
</testsuites>
